<?xml version="1.0" encoding="UTF-8"?>
<!-- Generated by org.testng.reporters.JUnitReportReporter -->
<testsuite hostname="DESKTOP-OE4CUV9" failures="0" tests="6" name="tests.BaseClass" time="42.558" errors="0" timestamp="2022-11-20T16:37:45 IST" skipped="0">
  <testcase classname="tests.BaseClass" name="setCapabilties" time="18.513"/>
  <system-out/>
  <testcase classname="tests.BaseClass" name="selLanguage" time="1.421"/>
  <system-out/>
  <testcase classname="tests.BaseClass" name="enterName" time="4.597"/>
  <system-out/>
  <testcase classname="tests.BaseClass" name="selectMonth" time="2.053"/>
  <system-out/>
  <testcase classname="tests.BaseClass" name="enterMobileLogin" time="7.820"/>
  <system-out/>
  <testcase classname="tests.BaseClass" name="clickOnPopUp" time="8.154"/>
  <system-out/>
</testsuite> <!-- tests.BaseClass -->
