<?xml version="1.0" encoding="UTF-8"?>
<!-- Generated by org.testng.reporters.JUnitReportReporter -->
<testsuite hostname="DESKTOP-OE4CUV9" failures="0" tests="1" name="tests.LoginWithMobileNumber" time="0.014" errors="0" timestamp="2022-11-20T18:08:04 IST" skipped="0">
  <testcase classname="tests.LoginWithMobileNumber" name="f" time="0.014"/>
  <system-out/>
</testsuite> <!-- tests.LoginWithMobileNumber -->
