<?xml version="1.0" encoding="UTF-8"?>
<!-- Generated by org.testng.reporters.JUnitReportReporter -->
<testsuite hostname="DESKTOP-OE4CUV9" failures="0" tests="12" name="tests.LoginTests" time="75.489" errors="0" timestamp="2022-11-20T21:09:18 IST" skipped="0">
  <testcase classname="tests.LoginTests" name="setCapabilties" time="19.151"/>
  <system-out/>
  <testcase classname="tests.LoginTests" name="setCapabilties" time="18.034"/>
  <system-out/>
  <testcase classname="tests.LoginTests" name="selLanguage" time="1.694"/>
  <system-out/>
  <testcase classname="tests.LoginTests" name="selLanguage" time="1.503"/>
  <system-out/>
  <testcase classname="tests.LoginTests" name="enterName" time="4.900"/>
  <system-out/>
  <testcase classname="tests.LoginTests" name="enterName" time="4.049"/>
  <system-out/>
  <testcase classname="tests.LoginTests" name="selectDate" time="4.652"/>
  <system-out/>
  <testcase classname="tests.LoginTests" name="selectMonth" time="2.080"/>
  <system-out/>
  <testcase classname="tests.LoginTests" name="signInWithGoogle" time="4.693"/>
  <system-out/>
  <testcase classname="tests.LoginTests" name="testForSKip" time="2.579"/>
  <system-out/>
  <testcase classname="tests.LoginTests" name="clickOnPopUp" time="2.456"/>
  <system-out/>
  <testcase classname="tests.LoginTests" name="clickOnPopUp" time="9.698"/>
  <system-out/>
</testsuite> <!-- tests.LoginTests -->
