<?xml version="1.0" encoding="UTF-8"?>
<!-- Generated by org.testng.reporters.JUnitReportReporter -->
<testsuite hostname="DESKTOP-OE4CUV9" failures="0" tests="6" name="tests.BaseClass" time="45.755" errors="0" timestamp="2022-11-20T17:06:41 IST" skipped="0">
  <testcase classname="tests.BaseClass" name="setCapabilties" time="21.077"/>
  <system-out/>
  <testcase classname="tests.BaseClass" name="selLanguage" time="1.647"/>
  <system-out/>
  <testcase classname="tests.BaseClass" name="enterName" time="5.601"/>
  <system-out/>
  <testcase classname="tests.BaseClass" name="selectMonth" time="2.073"/>
  <system-out/>
  <testcase classname="tests.BaseClass" name="enterMobileLogin" time="7.201"/>
  <system-out/>
  <testcase classname="tests.BaseClass" name="clickOnPopUp" time="8.156"/>
  <system-out/>
</testsuite> <!-- tests.BaseClass -->
