<?xml version="1.0" encoding="UTF-8"?>
<!-- Generated by org.testng.reporters.JUnitReportReporter -->
<testsuite hostname="DESKTOP-OE4CUV9" failures="0" tests="6" name="tests.LoginSkipTest" time="29.233" errors="0" timestamp="2022-11-20T18:21:18 IST" skipped="0">
  <testcase classname="tests.LoginSkipTest" name="setCapabilties" time="16.393"/>
  <system-out/>
  <testcase classname="tests.LoginSkipTest" name="selLanguage" time="1.326"/>
  <system-out/>
  <testcase classname="tests.LoginSkipTest" name="enterName" time="3.857"/>
  <system-out/>
  <testcase classname="tests.LoginSkipTest" name="selectMonth" time="2.203"/>
  <system-out/>
  <testcase classname="tests.LoginSkipTest" name="testForSKip" time="3.013"/>
  <system-out/>
  <testcase classname="tests.LoginSkipTest" name="clickOnPopUp" time="2.441"/>
  <system-out/>
</testsuite> <!-- tests.LoginSkipTest -->
