<?xml version="1.0" encoding="UTF-8"?>
<!-- Generated by org.testng.reporters.JUnitReportReporter -->
<testsuite hostname="DESKTOP-OE4CUV9" failures="0" tests="12" name="tests.LoginWithGoogleTest" time="73.436" errors="0" timestamp="2022-11-20T18:34:11 IST" skipped="0">
  <testcase classname="tests.LoginWithGoogleTest" name="setCapabilties" time="15.826"/>
  <system-out/>
  <testcase classname="tests.LoginWithGoogleTest" name="setCapabilties" time="21.882"/>
  <system-out/>
  <testcase classname="tests.LoginWithGoogleTest" name="selLanguage" time="1.610"/>
  <system-out/>
  <testcase classname="tests.LoginWithGoogleTest" name="selLanguage" time="1.811"/>
  <system-out/>
  <testcase classname="tests.LoginWithGoogleTest" name="enterName" time="4.493"/>
  <system-out/>
  <testcase classname="tests.LoginWithGoogleTest" name="enterName" time="4.837"/>
  <system-out/>
  <testcase classname="tests.LoginWithGoogleTest" name="selectMonth" time="2.040"/>
  <system-out/>
  <testcase classname="tests.LoginWithGoogleTest" name="selectMonth" time="2.356"/>
  <system-out/>
  <testcase classname="tests.LoginWithGoogleTest" name="enterMobileLogin" time="4.717"/>
  <system-out/>
  <testcase classname="tests.LoginWithGoogleTest" name="testForSKip" time="2.635"/>
  <system-out/>
  <testcase classname="tests.LoginWithGoogleTest" name="clickOnPopUp" time="2.639"/>
  <system-out/>
  <testcase classname="tests.LoginWithGoogleTest" name="clickOnPopUp" time="8.590"/>
  <system-out/>
</testsuite> <!-- tests.LoginWithGoogleTest -->
